quake: Reading nodes.
quake: Reading elements.
quake: Reading sparse matrix structure.
./quake1: Beginning simulation.

CASE SUMMARY
Fault information
  Orientation:  strike: 1.937315
                   dip: 0.767945
                  rake: 1.221730
           dislocation: 29.640788 cm
Hypocenter: (32.264153, 23.814432, -11.250000) Km
Excitation characteristics
     Time step: 0.002400 sec
      Duration: 9.250000 sec
     Rise time: 0.600000 sec

*** glibc detected *** ./quake1: double free or corruption (out): 0x0000000001b10310 ***
======= Backtrace: =========
/lib64/libc.so.6(+0x75e5e)[0x7f12a1b63e5e]
/lib64/libc.so.6(+0x78cf0)[0x7f12a1b66cf0]
./quake1[0x4012c6]
/lib64/libc.so.6(__libc_start_main+0x100)[0x7f12a1b0cd20]
./quake1[0x4038b1]
======= Memory map: ========
00400000-00409000 r-xp 00000000 00:1e 146948452                          /a/fs-3/export/home/deepthought2/cmsc714-1t4g/hw2/quake1
00609000-0060a000 rw-p 00009000 00:1e 146948452                          /a/fs-3/export/home/deepthought2/cmsc714-1t4g/hw2/quake1
0152f000-01b34000 rw-p 00000000 00:00 0                                  [heap]
7f1290000000-7f1290021000 rw-p 00000000 00:00 0 
7f1290021000-7f1294000000 ---p 00000000 00:00 0 
7f12966a9000-7f12966be000 r-xp 00000000 00:14 109451734                  /export/rel60_shadow/glue.umd.edu/system/1.5/amd64_rel60/usr/local/gcc/4.6.1/lib64/libgcc_s.so.1
7f12966be000-7f12968bd000 ---p 00015000 00:14 109451734                  /export/rel60_shadow/glue.umd.edu/system/1.5/amd64_rel60/usr/local/gcc/4.6.1/lib64/libgcc_s.so.1
7f12968bd000-7f12968be000 rw-p 00014000 00:14 109451734                  /export/rel60_shadow/glue.umd.edu/system/1.5/amd64_rel60/usr/local/gcc/4.6.1/lib64/libgcc_s.so.1
7f12968be000-7f12979f6000 rw-p 00000000 00:00 0 
7f12979f6000-7f12979f7000 ---p 00000000 00:00 0 
7f12979f7000-7f12983f7000 rw-p 00000000 00:00 0 
7f12983f7000-7f12983f8000 ---p 00000000 00:00 0 
7f12983f8000-7f1298df8000 rw-p 00000000 00:00 0 
7f1298df8000-7f1298df9000 ---p 00000000 00:00 0 
7f1298df9000-7f12997f9000 rw-p 00000000 00:00 0 
7f12997f9000-7f12997fa000 ---p 00000000 00:00 0 
7f12997fa000-7f129a1fa000 rw-p 00000000 00:00 0 
7f129a1fa000-7f129a1fb000 ---p 00000000 00:00 0 
7f129a1fb000-7f129abfb000 rw-p 00000000 00:00 0 
7f129abfb000-7f129abfc000 ---p 00000000 00:00 0 
7f129abfc000-7f129b5fc000 rw-p 00000000 00:00 0 
7f129b5fc000-7f129b5fd000 ---p 00000000 00:00 0 
7f129b5fd000-7f129bffd000 rw-p 00000000 00:00 0 
7f129bffd000-7f129bffe000 ---p 00000000 00:00 0 
7f129bffe000-7f129c9fe000 rw-p 00000000 00:00 0 
7f129c9fe000-7f129c9ff000 ---p 00000000 00:00 0 
7f129c9ff000-7f129d3ff000 rw-p 00000000 00:00 0 
7f129d3ff000-7f129d400000 ---p 00000000 00:00 0 
7f129d400000-7f129de00000 rw-p 00000000 00:00 0 
7f129de00000-7f129de01000 ---p 00000000 00:00 0 
7f129de01000-7f129e801000 rw-p 00000000 00:00 0 
7f129e801000-7f129e802000 ---p 00000000 00:00 0 
7f129e802000-7f129f202000 rw-p 00000000 00:00 0 
7f129f202000-7f129f203000 ---p 00000000 00:00 0 
7f129f203000-7f129fc03000 rw-p 00000000 00:00 0 
7f129fc03000-7f129fc04000 ---p 00000000 00:00 0 
7f129fc04000-7f12a0604000 rw-p 00000000 00:00 0 
7f12a0604000-7f12a0605000 ---p 00000000 00:00 0 
7f12a0605000-7f12a18e6000 rw-p 00000000 00:00 0 
7f12a18e6000-7f12a18ed000 r-xp 00000000 08:05 14804                      /lib64/librt-2.12.so
7f12a18ed000-7f12a1aec000 ---p 00007000 08:05 14804                      /lib64/librt-2.12.so
7f12a1aec000-7f12a1aed000 r--p 00006000 08:05 14804                      /lib64/librt-2.12.so
7f12a1aed000-7f12a1aee000 rw-p 00007000 08:05 14804                      /lib64/librt-2.12.so
7f12a1aee000-7f12a1c79000 r-xp 00000000 08:05 13856                      /lib64/libc-2.12.so
7f12a1c79000-7f12a1e78000 ---p 0018b000 08:05 13856                      /lib64/libc-2.12.so
7f12a1e78000-7f12a1e7c000 r--p 0018a000 08:05 13856                      /lib64/libc-2.12.so
7f12a1e7c000-7f12a1e7e000 rw-p 0018e000 08:05 13856                      /lib64/libc-2.12.so
7f12a1e7e000-7f12a1e82000 rw-p 00000000 00:00 0 
7f12a1e82000-7f12a1e99000 r-xp 00000000 08:05 13869                      /lib64/libpthread-2.12.so
7f12a1e99000-7f12a2099000 ---p 00017000 08:05 13869                      /lib64/libpthread-2.12.so
7f12a2099000-7f12a209a000 r--p 00017000 08:05 13869                      /lib64/libpthread-2.12.so
7f12a209a000-7f12a209b000 rw-p 00018000 08:05 13869                      /lib64/libpthread-2.12.so
7f12a209b000-7f12a209f000 rw-p 00000000 00:00 0 
7f12a209f000-7f12a20ac000 r-xp 00000000 00:14 109451756                  /export/rel60_shadow/glue.umd.edu/system/1.5/amd64_rel60/usr/local/gcc/4.6.1/lib64/libgomp.so.1.0.0
7f12a20ac000-7f12a22ab000 ---p 0000d000 00:14 109451756                  /export/rel60_shadow/glue.umd.edu/system/1.5/amd64_rel60/usr/local/gcc/4.6.1/lib64/libgomp.so.1.0.0
7f12a22ab000-7f12a22ac000 rw-p 0000c000 00:14 109451756                  /export/rel60_shadow/glue.umd.edu/system/1.5/amd64_rel60/usr/local/gcc/4.6.1/lib64/libgomp.so.1.0.0
7f12a22ac000-7f12a232f000 r-xp 00000000 08:05 14798                      /lib64/libm-2.12.so
7f12a232f000-7f12a252e000 ---p 00083000 08:05 14798                      /lib64/libm-2.12.so
7f12a252e000-7f12a252f000 r--p 00082000 08:05 14798                      /lib64/libm-2.12.so
7f12a252f000-7f12a2530000 rw-p 00083000 08:05 14798                      /lib64/libm-2.12.so
7f12a2530000-7f12a2550000 r-xp 00000000 08:05 14238                      /lib64/ld-2.12.so
7f12a2556000-7f12a272a000 rw-p 00000000 00:00 0 
7f12a274e000-7f12a2750000 rw-p 00000000 00:00 0 
7f12a2750000-7f12a2751000 r--p 00020000 08:05 14238                      /lib64/ld-2.12.so
7f12a2751000-7f12a2752000 rw-p 00021000 08:05 14238                      /lib64/ld-2.12.so
7f12a2752000-7f12a2753000 rw-p 00000000 00:00 0 
7fff9fec8000-7fff9fedd000 rw-p 00000000 00:00 0                          [stack]
7fff9ff6e000-7fff9ff6f000 r-xp 00000000 00:00 0                          [vdso]
ffffffffff600000-ffffffffff601000 r-xp 00000000 00:00 0                  [vsyscall]
numthreads = 1
/export/software/slurm/spool/slurmd/job13404803/slurm_script: line 21: 63977 Aborted                 (core dumped) ./quake1 < quake.in
