quake: Reading nodes.
quake: Reading elements.
quake: Reading sparse matrix structure.
./quake1: Beginning simulation.

CASE SUMMARY
Fault information
  Orientation:  strike: 1.937315
                   dip: 0.767945
                  rake: 1.221730
           dislocation: 29.640788 cm
Hypocenter: (32.264153, 23.814432, -11.250000) Km
Excitation characteristics
     Time step: 0.002400 sec
      Duration: 9.250000 sec
     Rise time: 0.600000 sec

*** glibc detected *** ./quake1: double free or corruption (out): 0x000000000270c310 ***
======= Backtrace: =========
/lib64/libc.so.6(+0x75e5e)[0x7f8d2582ae5e]
/lib64/libc.so.6(+0x78cf0)[0x7f8d2582dcf0]
./quake1[0x4012eb]
/lib64/libc.so.6(__libc_start_main+0x100)[0x7f8d257d3d20]
./quake1[0x402c45]
======= Memory map: ========
00400000-00408000 r-xp 00000000 00:1c 146948452                          /a/fs-3/export/home/deepthought2/cmsc714-1t4g/hw2/quake1
00608000-00609000 rw-p 00008000 00:1c 146948452                          /a/fs-3/export/home/deepthought2/cmsc714-1t4g/hw2/quake1
0212b000-02730000 rw-p 00000000 00:00 0                                  [heap]
7f8d14000000-7f8d14021000 rw-p 00000000 00:00 0 
7f8d14021000-7f8d18000000 ---p 00000000 00:00 0 
7f8d1a36f000-7f8d1a384000 r-xp 00000000 00:14 5904687                    /export/rel60_shadow/glue.umd.edu/software/gcc/4.8.1/.amd64_rel60/lib64/libgcc_s.so.1
7f8d1a384000-7f8d1a584000 ---p 00015000 00:14 5904687                    /export/rel60_shadow/glue.umd.edu/software/gcc/4.8.1/.amd64_rel60/lib64/libgcc_s.so.1
7f8d1a584000-7f8d1a585000 rw-p 00015000 00:14 5904687                    /export/rel60_shadow/glue.umd.edu/software/gcc/4.8.1/.amd64_rel60/lib64/libgcc_s.so.1
7f8d1a585000-7f8d1b6bd000 rw-p 00000000 00:00 0 
7f8d1b6bd000-7f8d1b6be000 ---p 00000000 00:00 0 
7f8d1b6be000-7f8d1c0be000 rw-p 00000000 00:00 0 
7f8d1c0be000-7f8d1c0bf000 ---p 00000000 00:00 0 
7f8d1c0bf000-7f8d1cabf000 rw-p 00000000 00:00 0 
7f8d1cabf000-7f8d1cac0000 ---p 00000000 00:00 0 
7f8d1cac0000-7f8d1d4c0000 rw-p 00000000 00:00 0 
7f8d1d4c0000-7f8d1d4c1000 ---p 00000000 00:00 0 
7f8d1d4c1000-7f8d1dec1000 rw-p 00000000 00:00 0 
7f8d1dec1000-7f8d1dec2000 ---p 00000000 00:00 0 
7f8d1dec2000-7f8d1e8c2000 rw-p 00000000 00:00 0 
7f8d1e8c2000-7f8d1e8c3000 ---p 00000000 00:00 0 
7f8d1e8c3000-7f8d1f2c3000 rw-p 00000000 00:00 0 
7f8d1f2c3000-7f8d1f2c4000 ---p 00000000 00:00 0 
7f8d1f2c4000-7f8d1fcc4000 rw-p 00000000 00:00 0 
7f8d1fcc4000-7f8d1fcc5000 ---p 00000000 00:00 0 
7f8d1fcc5000-7f8d206c5000 rw-p 00000000 00:00 0 
7f8d206c5000-7f8d206c6000 ---p 00000000 00:00 0 
7f8d206c6000-7f8d210c6000 rw-p 00000000 00:00 0 
7f8d210c6000-7f8d210c7000 ---p 00000000 00:00 0 
7f8d210c7000-7f8d21ac7000 rw-p 00000000 00:00 0 
7f8d21ac7000-7f8d21ac8000 ---p 00000000 00:00 0 
7f8d21ac8000-7f8d224c8000 rw-p 00000000 00:00 0 
7f8d224c8000-7f8d224c9000 ---p 00000000 00:00 0 
7f8d224c9000-7f8d22ec9000 rw-p 00000000 00:00 0 
7f8d22ec9000-7f8d22eca000 ---p 00000000 00:00 0 
7f8d22eca000-7f8d238ca000 rw-p 00000000 00:00 0 
7f8d238ca000-7f8d238cb000 ---p 00000000 00:00 0 
7f8d238cb000-7f8d242cb000 rw-p 00000000 00:00 0 
7f8d242cb000-7f8d242cc000 ---p 00000000 00:00 0 
7f8d242cc000-7f8d255ad000 rw-p 00000000 00:00 0 
7f8d255ad000-7f8d255b4000 r-xp 00000000 08:05 11892                      /lib64/librt-2.12.so
7f8d255b4000-7f8d257b3000 ---p 00007000 08:05 11892                      /lib64/librt-2.12.so
7f8d257b3000-7f8d257b4000 r--p 00006000 08:05 11892                      /lib64/librt-2.12.so
7f8d257b4000-7f8d257b5000 rw-p 00007000 08:05 11892                      /lib64/librt-2.12.so
7f8d257b5000-7f8d25940000 r-xp 00000000 08:05 11876                      /lib64/libc-2.12.so
7f8d25940000-7f8d25b3f000 ---p 0018b000 08:05 11876                      /lib64/libc-2.12.so
7f8d25b3f000-7f8d25b43000 r--p 0018a000 08:05 11876                      /lib64/libc-2.12.so
7f8d25b43000-7f8d25b45000 rw-p 0018e000 08:05 11876                      /lib64/libc-2.12.so
7f8d25b45000-7f8d25b49000 rw-p 00000000 00:00 0 
7f8d25b49000-7f8d25b60000 r-xp 00000000 08:05 11890                      /lib64/libpthread-2.12.so
7f8d25b60000-7f8d25d60000 ---p 00017000 08:05 11890                      /lib64/libpthread-2.12.so
7f8d25d60000-7f8d25d61000 r--p 00017000 08:05 11890                      /lib64/libpthread-2.12.so
7f8d25d61000-7f8d25d62000 rw-p 00018000 08:05 11890                      /lib64/libpthread-2.12.so
7f8d25d62000-7f8d25d66000 rw-p 00000000 00:00 0 
7f8d25d66000-7f8d25d73000 r-xp 00000000 00:14 5904705                    /export/rel60_shadow/glue.umd.edu/software/gcc/4.8.1/.amd64_rel60/lib64/libgomp.so.1.0.0
7f8d25d73000-7f8d25f73000 ---p 0000d000 00:14 5904705                    /export/rel60_shadow/glue.umd.edu/software/gcc/4.8.1/.amd64_rel60/lib64/libgomp.so.1.0.0
7f8d25f73000-7f8d25f74000 rw-p 0000d000 00:14 5904705                    /export/rel60_shadow/glue.umd.edu/software/gcc/4.8.1/.amd64_rel60/lib64/libgomp.so.1.0.0
7f8d25f74000-7f8d25ff7000 r-xp 00000000 08:05 11880                      /lib64/libm-2.12.so
7f8d25ff7000-7f8d261f6000 ---p 00083000 08:05 11880                      /lib64/libm-2.12.so
7f8d261f6000-7f8d261f7000 r--p 00082000 08:05 11880                      /lib64/libm-2.12.so
7f8d261f7000-7f8d261f8000 rw-p 00083000 08:05 11880                      /lib64/libm-2.12.so
7f8d261f8000-7f8d26218000 r-xp 00000000 08:05 11872                      /lib64/ld-2.12.so
7f8d26219000-7f8d263ed000 rw-p 00000000 00:00 0 
7f8d26416000-7f8d26418000 rw-p 00000000 00:00 0 
7f8d26418000-7f8d26419000 r--p 00020000 08:05 11872                      /lib64/ld-2.12.so
7f8d26419000-7f8d2641a000 rw-p 00021000 08:05 11872                      /lib64/ld-2.12.so
7f8d2641a000-7f8d2641b000 rw-p 00000000 00:00 0 
7ffc2508a000-7ffc2509f000 rw-p 00000000 00:00 0                          [stack]
7ffc250ab000-7ffc250ac000 r-xp 00000000 00:00 0                          [vdso]
ffffffffff600000-ffffffffff601000 r-xp 00000000 00:00 0                  [vsyscall]
numthreads = 1
/export/software/slurm/spool/slurmd/job13404169/slurm_script: line 20: 45276 Aborted                 (core dumped) ./quake1 < quake.in
/export/software/slurm/spool/slurmd/job13404169/slurm_script: line 22: analysis_16.txt: cannot overwrite existing file
