quake: Reading nodes.
quake: Reading elements.
quake: Reading sparse matrix structure.
./quake1: Beginning simulation.

CASE SUMMARY
Fault information
  Orientation:  strike: 1.937315
                   dip: 0.767945
                  rake: 1.221730
           dislocation: 29.640788 cm
Hypocenter: (32.264153, 23.814432, -11.250000) Km
Excitation characteristics
     Time step: 0.002400 sec
      Duration: 9.250000 sec
     Rise time: 0.600000 sec

*** glibc detected *** ./quake1: double free or corruption (out): 0x00000000028f2310 ***
======= Backtrace: =========
/lib64/libc.so.6(+0x75e5e)[0x7f25deb66e5e]
/lib64/libc.so.6(+0x78cf0)[0x7f25deb69cf0]
./quake1[0x4012eb]
/lib64/libc.so.6(__libc_start_main+0x100)[0x7f25deb0fd20]
./quake1[0x402c45]
======= Memory map: ========
00400000-00408000 r-xp 00000000 00:1e 146948452                          /a/fs-3/export/home/deepthought2/cmsc714-1t4g/hw2/quake1
00608000-00609000 rw-p 00008000 00:1e 146948452                          /a/fs-3/export/home/deepthought2/cmsc714-1t4g/hw2/quake1
02311000-02916000 rw-p 00000000 00:00 0                                  [heap]
7f25cc000000-7f25cc021000 rw-p 00000000 00:00 0 
7f25cc021000-7f25d0000000 ---p 00000000 00:00 0 
7f25d36ab000-7f25d36c0000 r-xp 00000000 00:14 5904687                    /export/rel60_shadow/glue.umd.edu/software/gcc/4.8.1/.amd64_rel60/lib64/libgcc_s.so.1
7f25d36c0000-7f25d38c0000 ---p 00015000 00:14 5904687                    /export/rel60_shadow/glue.umd.edu/software/gcc/4.8.1/.amd64_rel60/lib64/libgcc_s.so.1
7f25d38c0000-7f25d38c1000 rw-p 00015000 00:14 5904687                    /export/rel60_shadow/glue.umd.edu/software/gcc/4.8.1/.amd64_rel60/lib64/libgcc_s.so.1
7f25d38c1000-7f25d49f9000 rw-p 00000000 00:00 0 
7f25d49f9000-7f25d49fa000 ---p 00000000 00:00 0 
7f25d49fa000-7f25d53fa000 rw-p 00000000 00:00 0 
7f25d53fa000-7f25d53fb000 ---p 00000000 00:00 0 
7f25d53fb000-7f25d5dfb000 rw-p 00000000 00:00 0 
7f25d5dfb000-7f25d5dfc000 ---p 00000000 00:00 0 
7f25d5dfc000-7f25d67fc000 rw-p 00000000 00:00 0 
7f25d67fc000-7f25d67fd000 ---p 00000000 00:00 0 
7f25d67fd000-7f25d71fd000 rw-p 00000000 00:00 0 
7f25d71fd000-7f25d71fe000 ---p 00000000 00:00 0 
7f25d71fe000-7f25d7bfe000 rw-p 00000000 00:00 0 
7f25d7bfe000-7f25d7bff000 ---p 00000000 00:00 0 
7f25d7bff000-7f25d85ff000 rw-p 00000000 00:00 0 
7f25d85ff000-7f25d8600000 ---p 00000000 00:00 0 
7f25d8600000-7f25d9000000 rw-p 00000000 00:00 0 
7f25d9000000-7f25d9001000 ---p 00000000 00:00 0 
7f25d9001000-7f25d9a01000 rw-p 00000000 00:00 0 
7f25d9a01000-7f25d9a02000 ---p 00000000 00:00 0 
7f25d9a02000-7f25da402000 rw-p 00000000 00:00 0 
7f25da402000-7f25da403000 ---p 00000000 00:00 0 
7f25da403000-7f25dae03000 rw-p 00000000 00:00 0 
7f25dae03000-7f25dae04000 ---p 00000000 00:00 0 
7f25dae04000-7f25db804000 rw-p 00000000 00:00 0 
7f25db804000-7f25db805000 ---p 00000000 00:00 0 
7f25db805000-7f25dc205000 rw-p 00000000 00:00 0 
7f25dc205000-7f25dc206000 ---p 00000000 00:00 0 
7f25dc206000-7f25dcc06000 rw-p 00000000 00:00 0 
7f25dcc06000-7f25dcc07000 ---p 00000000 00:00 0 
7f25dcc07000-7f25dd607000 rw-p 00000000 00:00 0 
7f25dd607000-7f25dd608000 ---p 00000000 00:00 0 
7f25dd608000-7f25de8e9000 rw-p 00000000 00:00 0 
7f25de8e9000-7f25de8f0000 r-xp 00000000 08:05 14804                      /lib64/librt-2.12.so
7f25de8f0000-7f25deaef000 ---p 00007000 08:05 14804                      /lib64/librt-2.12.so
7f25deaef000-7f25deaf0000 r--p 00006000 08:05 14804                      /lib64/librt-2.12.so
7f25deaf0000-7f25deaf1000 rw-p 00007000 08:05 14804                      /lib64/librt-2.12.so
7f25deaf1000-7f25dec7c000 r-xp 00000000 08:05 13856                      /lib64/libc-2.12.so
7f25dec7c000-7f25dee7b000 ---p 0018b000 08:05 13856                      /lib64/libc-2.12.so
7f25dee7b000-7f25dee7f000 r--p 0018a000 08:05 13856                      /lib64/libc-2.12.so
7f25dee7f000-7f25dee81000 rw-p 0018e000 08:05 13856                      /lib64/libc-2.12.so
7f25dee81000-7f25dee85000 rw-p 00000000 00:00 0 
7f25dee85000-7f25dee9c000 r-xp 00000000 08:05 13869                      /lib64/libpthread-2.12.so
7f25dee9c000-7f25df09c000 ---p 00017000 08:05 13869                      /lib64/libpthread-2.12.so
7f25df09c000-7f25df09d000 r--p 00017000 08:05 13869                      /lib64/libpthread-2.12.so
7f25df09d000-7f25df09e000 rw-p 00018000 08:05 13869                      /lib64/libpthread-2.12.so
7f25df09e000-7f25df0a2000 rw-p 00000000 00:00 0 
7f25df0a2000-7f25df0af000 r-xp 00000000 00:14 5904705                    /export/rel60_shadow/glue.umd.edu/software/gcc/4.8.1/.amd64_rel60/lib64/libgomp.so.1.0.0
7f25df0af000-7f25df2af000 ---p 0000d000 00:14 5904705                    /export/rel60_shadow/glue.umd.edu/software/gcc/4.8.1/.amd64_rel60/lib64/libgomp.so.1.0.0
7f25df2af000-7f25df2b0000 rw-p 0000d000 00:14 5904705                    /export/rel60_shadow/glue.umd.edu/software/gcc/4.8.1/.amd64_rel60/lib64/libgomp.so.1.0.0
7f25df2b0000-7f25df333000 r-xp 00000000 08:05 14798                      /lib64/libm-2.12.so
7f25df333000-7f25df532000 ---p 00083000 08:05 14798                      /lib64/libm-2.12.so
7f25df532000-7f25df533000 r--p 00082000 08:05 14798                      /lib64/libm-2.12.so
7f25df533000-7f25df534000 rw-p 00083000 08:05 14798                      /lib64/libm-2.12.so
7f25df534000-7f25df554000 r-xp 00000000 08:05 14238                      /lib64/ld-2.12.so
7f25df55a000-7f25df72e000 rw-p 00000000 00:00 0 
7f25df752000-7f25df754000 rw-p 00000000 00:00 0 
7f25df754000-7f25df755000 r--p 00020000 08:05 14238                      /lib64/ld-2.12.so
7f25df755000-7f25df756000 rw-p 00021000 08:05 14238                      /lib64/ld-2.12.so
7f25df756000-7f25df757000 rw-p 00000000 00:00 0 
7fff87f2c000-7fff87f41000 rw-p 00000000 00:00 0                          [stack]
7fff87fb2000-7fff87fb3000 r-xp 00000000 00:00 0                          [vdso]
ffffffffff600000-ffffffffff601000 r-xp 00000000 00:00 0                  [vsyscall]
numthreads = 1
/export/software/slurm/spool/slurmd/job13404163/slurm_script: line 20: 18408 Aborted                 (core dumped) ./quake1 < quake.in
/export/software/slurm/spool/slurmd/job13404163/slurm_script: line 22: analysis_16.txt: cannot overwrite existing file
